recvmsg (1280 bytes):
    c6 00 00 00 01 08 ca 41 20 96 49 17 a5 ea 08 d2
    94 1c 24 63 f1 be 8c 00 44 e6 f6 f4 f1 09 cc 36
    8f 04 22 55 24 a7 3e 5c f7 4a 76 9e 03 50 6e 3d
    f2 71 95 d5 03 ec ee 96 f7 33 8d 78 18 e4 9c 1a
    68 31 2c 6d 92 fa 71 0a da 95 32 90 85 bc 24 14
    37 bf 42 ea 23 1e 3b 9d ac 0d a7 31 7f 18 51 f9
    5c 71 d2 b4 a5 0c 83 fe aa 60 ce f2 60 89 79 58
    a4 1e 65 ed 98 35 8b aa ca 20 44 b6 75 7e 8e 07
    09 eb ae d5 4a 53 f7 ea a7 bb da 23 9e 9e 0f 78
    be 06 f6 db 99 5f 2e 5c 61 f7 97 f1 88 7c c5 98
    21 1f 45 57 c2 d1 93 50 1a f0 02 f6 70 36 57 74
    9f bd e7 5d a3 50 39 1a 9b f6 fd f6 91 0e 3a 24
    d6 6c 20 13 1b 8e 68 fe e3 c4 c6 99 f9 fd 98 26
    26 9b 23 5b 43 cf 8d 5e 3f d3 46 65 8c 89 55 b9
    08 e5 8f 6c 97 7e 19 84 0f 5f 4e 4b 49 f1 a4 c8
    0b 1b 49 d1 89 ff 3e f8 64 7d 9b 16 f6 69 d1 ee
    59 4d 6e 30 04 27 08 62 3c bc ae 53 34 5b a3 ce
    28 1d 39 9e 4a b9 ea 7d f3 34 ac 7b 3f 09 9e 8b
    5a 8c 54 71 60 89 f6 f7 e7 ea ee 7b 74 4d 30 8a
    54 67 8c 30 20 b1 41 bb f4 36 a8 51 bb e7 da db
    2e e5 72 79 3f 8a 4a 16 29 49 47 70 75 88 24 0f
    ec 5a 46 0b 4c 2b e7 42 38 06 38 5a 3b 3f a6 50
    7e 9b 1f f0 57 24 e1 77 9e 8c 08 1f bb 21 6f e5
    95 aa 97 4a dd b8 0f bf ce 56 d7 a3 64 e7 ac 14
    18 4f e1 ba cf f7 d7 c4 4d f5 86 ec c9 e4 7a bd
    8e c5 76 b1 57 01 6e cf ba e5 a1 87 bb 14 d1 14
    0b 08 ef e0 d6 73 06 20 09 7d f3 e9 0f 4d a3 de
    a0 17 9f 88 e6 4d b5 c0 a4 f2 70 2c f6 68 5c 05
    fa 3c 98 e9 b4 7a 81 19 95 cc 78 16 00 f3 27 0b
    eb 72 be 5a 9c 07 f8 4a e1 0b a2 87 5e 0d ae 10
    9f 9d 69 92 0e b9 10 36 26 15 c5 27 82 12 ee 97
    21 c1 25 72 ba 35 00 58 17 0e 27 b0 e9 09 1e 86
    f3 2f 3f 4f 18 cf 89 fb 36 7c ea d6 31 07 bb f6
    b5 b7 59 5d df 2e 31 0c 7c b8 6b 96 ae 27 4c 6a
    7f e1 8a 1b 68 2f 4d 98 2c d6 51 0e b2 db 0a 83
    4b f1 3d 5e 31 66 eb 3a c6 ad 47 03 25 3b 5f 22
    87 88 57 0a b2 4d 9b 8f b6 00 dd a5 86 08 0f b4
    df 75 e9 b8 e3 df fc 60 0f 9b 3e 02 30 39 b3 aa
    21 ae eb 59 fd 29 c3 2e 36 b8 53 71 2b 02 e1 78
    e0 c8 c7 0e d5 b7 f7 5a 2f d5 9e 5b 23 a5 0f da
    68 bc 1e 30 7c 41 e7 27 c0 6b b7 f8 9b 1e 03 59
    a7 73 5c ad df 69 02 c6 fe ef e0 df 66 6c ca 08
    f1 54 58 b7 f0 ba dd 8b 3e 48 a0 95 0e 8d c7 2a
    57 75 82 f7 2f 02 02 5a 98 c3 37 0c 4c 00 cf 28
    c8 69 77 f7 e3 98 25 a9 5e 87 1f 31 c9 3a cb 3e
    5d d5 5d c4 f8 ea 28 75 7e fb 5d eb ba dc 4b 3c
    5b 06 9b 0d 55 16 96 31 41 26 8d df e9 ae b6 67
    a1 af 05 09 75 90 67 ee a8 3b 62 ff da 04 29 fb
    c6 74 c0 82 27 34 de 6c d5 77 fd bb 96 53 df 0d
    98 46 bf a6 0d 35 7d b0 50 95 04 e1 83 6a dc 5b
    3c 47 b1 ee 1d ff f7 27 f8 4e 8f 65 77 5f f0 3b
    21 cd 9b ca 7a 21 88 86 ee d1 39 75 f0 66 d6 b0
    76 c8 28 c5 f2 30 86 47 d6 02 43 82 8a fc 89 a4
    f9 88 6a 48 90 66 eb 4d 5e 5e 99 9a de 42 80 50
    3d 0d c6 26 18 6c 93 9e 38 10 93 fe 08 f1 78 5f
    fb 95 e9 94 5c ac 40 e2 a5 3b f8 dc 5e 74 ee 44
    c1 38 3f 6b 55 42 a4 eb bb 13 3a a5 87 06 dd c9
    11 bb c3 3a 62 56 d4 41 21 56 b5 79 3c ca e8 0a
    ad 17 75 cc 8a f6 0d c6 1d 03 91 ee 01 44 d0 25
    72 55 0a e2 98 57 6a a6 4a e8 96 e5 20 58 fa ae
    5c a1 01 b0 fc cd 06 ac de 47 ab 8d 47 b0 ae 86
    b0 b9 43 69 13 1d 97 28 04 f5 a5 9d 8d d6 71 cf
    40 64 61 fc 77 27 33 15 e3 4b 83 e5 05 1b 0c 33
    fe 20 04 6a 3b fb 80 e7 49 76 eb 2f 6f 3a 03 f1
    9b 86 8c 12 6e e8 9f 60 1f 57 b9 fb 4a c9 b1 3f
    0e d4 f1 12 08 40 88 4f c1 5e 05 22 e1 ad 93 4f
    db cd 78 51 46 28 8b 21 8b 12 70 08 bd 7e 6b 78
    c2 7d e1 32 6f 70 d4 b4 ea af 06 27 40 82 07 1d
    34 61 7e 0a 98 13 0b 4b 84 31 30 53 70 7a 9b be
    90 7d c9 0c 3f 26 a2 c7 df ba 8c 72 36 86 69 42
    e0 2d e0 f0 58 6e c2 f2 83 b2 8a 53 07 9a 13 60
    55 bf e2 05 64 90 02 94 ef b7 ab 59 06 37 4e e4
    d3 47 41 a9 3c e8 76 6e 2a dc 8f 20 5c 90 04 44
    e4 82 a3 2c 0c a7 19 56 61 e1 2b 2c 5a 50 09 d6
    3c 53 c6 2f 67 f9 1b 28 78 eb f1 75 60 b5 10 c8
    a5 75 3e 5f 04 03 c0 d7 22 c2 14 7c 20 fa d5 a5
    29 38 7b 19 19 f6 7d 10 e1 ee b4 4b 0c fe e7 83
    81 ae 61 e8 4c e1 ec c7 08 d7 6e cc 59 8c b1 44
    8a 2b 37 9c 30 cb c1 be 7c 20 29 ba f4 73 80 b0
    21 e5 79 10 50 35 af d7 33 c9 dc 33 c1 37 69 79
transport close:code=0x0;frame=0;reason=
recvmsg (1280 bytes):
    c4 00 00 00 01 08 b4 2a 7b 70 70 a4 24 64 08 d2
    94 1c 24 63 f1 be 8c 00 44 e6 4b e3 50 18 c3 15
    07 42 00 37 f6 aa 4b 7b d8 b4 48 78 e3 14 ba 85
    bd c4 46 c2 33 1a fb e4 a4 5d 02 25 b8 be 19 10
    b7 9e 75 0e 67 4c fd 53 a6 0b 1a 37 85 45 58 ea
    6a e4 6b 91 71 ce 58 87 a4 b4 6f c1 ea c9 c3 e1
    b0 ff 99 9f 6d b0 d5 ce f1 9e 60 5a 2f 06 fa 8a
    51 5c 42 be 64 7a 02 2e a6 7d 26 db 07 be c3 69
    58 8c 63 0d ee 1d 33 d0 59 8c 1f 1f 7b 32 68 60
    eb 51 2b 98 19 b9 6f 2e 6b 72 6f 9a ff bc 70 fc
    7f 27 19 d4 fe 19 31 54 ab 88 83 d1 ad 48 3b fb
    ca ee 08 ac d7 76 51 96 e9 ae f1 1b 83 34 3c 56
    a2 c3 38 0d 0a 0e 95 79 41 55 6c 5b 39 34 db 4c
    84 fa ce d5 84 ae 47 58 1a b6 73 14 83 74 b3 1d
    e5 8e ef 98 fe cc 8b cf bb 97 cb 6e 15 a7 6a fd
    8f 9c 17 89 0c 66 09 c8 9f 1d 2c 1b 43 fb 3c 04
    a4 76 e0 f8 e2 cd 51 7f 1b cb ad ef cd 03 d2 ca
    64 a6 f2 4a 72 41 be 42 52 41 81 71 18 b2 be 8e
    05 82 9e 49 17 63 11 44 51 ff 30 b5 fe dd d1 ec
    5e 89 21 c2 0b dc 0d a8 68 e2 18 d4 ac 49 5e e1
    cb 04 2f 25 de 95 e9 e5 58 85 fa 2c 84 41 76 ee
    2b 7f 31 49 48 af 00 a0 8e 14 48 06 a0 1a 15 db
    9b 2b e6 e9 af e8 fd 67 3b 64 13 56 34 71 1e 94
    93 17 8e ba 80 53 87 ea ae da fc b2 c9 5f cb 26
    64 46 2c 7e e6 38 ff ed 30 3d ad eb c4 e8 7e 4e
    33 b1 a1 56 4d bf 3a 04 b5 91 ec ff 46 27 7f df
    f2 6c d4 01 d4 62 a4 af e1 93 35 2e 9d ce 28 d5
    2f a0 5e d8 8d a1 fd 47 ec 79 f6 9b b2 d8 7d f9
    02 92 88 1a 9a 46 2d 05 ba 60 a5 b0 49 10 af 10
    4e 41 94 3d 43 64 66 fc 93 36 44 0c 39 d8 8e 1f
    1d 55 cf a9 8b 20 b3 bf 27 d1 c0 67 6a f2 dc fe
    0d 1c 67 52 11 ce 44 59 26 6a 1a d7 74 88 5f d4
    05 c2 e6 11 b3 8f 9a 79 42 d7 a3 d1 6a ee 31 35
    d0 87 09 7b ce 04 fe a4 60 32 24 55 15 c6 15 24
    70 cf 59 ad c1 86 30 f9 46 9d 5c f2 f2 c6 f7 60
    dd 1b 41 6a e5 b9 c8 df 63 eb f8 c5 6e 55 7e 35
    82 b1 ad e2 cc b6 14 d6 d4 01 07 37 e4 b5 0d 38
    55 11 19 85 e6 b6 46 80 c3 79 a5 fa f8 f4 d5 31
    fe f2 3e 2f a4 9f dd 37 52 d6 9c 92 ac e6 44 02
    bb ee 49 ed 24 23 8f 2c fa 70 c1 29 36 9a 1c f9
    d0 62 db 4e 14 b5 c2 35 81 37 08 f3 74 bc af 6f
    b7 cc 90 61 ec 7d f6 f3 ed c9 49 47 0f 25 76 c8
    fb e5 52 65 ec 61 b4 2e 10 8f 3a ea b5 36 63 09
    86 73 f2 93 82 d4 08 a9 f2 a0 75 0a 66 d5 88 cf
    cc 8b 0a 56 17 ea f6 54 20 3c b3 fd a4 50 c5 43
    2e dd 9f a4 5f d4 02 50 a0 31 f7 fd 02 fa 3d 7c
    6f 2c 2c b3 1a 60 88 f7 a8 cf 7b 25 b0 cb 2a a5
    d2 2d a6 a9 d7 64 29 31 58 5b 3a c8 d7 de 2b 1f
    6e 51 58 c7 35 1b ee e4 d9 4f 29 ec 28 7c 2e cd
    7f f9 23 62 40 39 5b f8 d2 23 b1 b5 ad c2 67 5d
    cb 9d 9e 0f 67 6e e0 a2 8b d3 92 c5 e8 dd 01 17
    b9 9a 7e 8d 34 cb 56 36 c3 f5 5a 2a 9c a8 4a e8
    b3 42 a6 cb e1 26 aa e8 2f 23 44 2a b2 dd 79 68
    12 0b be 08 4b a8 d4 de e7 d6 8f 41 2d 6f 8f e6
    c4 9d 5b 4f 2d 29 2f 44 f8 6f 51 33 b7 b1 8e c2
    95 b2 76 78 6c 8f 1f c6 ad 6b a4 b9 44 45 7a 71
    78 4e 55 73 54 6b 15 f3 d8 0e 94 4a d0 4d bc 4b
    3a f2 51 1a 6d 4d 09 a2 5a 42 9d 42 62 0c 0c 60
    63 33 09 b1 60 c8 fe 7d a4 64 ff 10 ce 6e 20 a0
    96 e7 92 97 08 a6 04 58 d8 2d af 14 03 46 32 46
    d9 e7 91 4e 5b ff a8 5e 95 f0 69 36 32 2e 6a d6
    86 a9 1a 83 f5 66 5a 85 fa 38 d0 5b ce eb 62 22
    e6 20 f2 fd 21 77 10 65 e1 4f cb a4 3b 6d a5 b2
    4b b9 07 58 dd 35 c2 23 69 97 6e 97 de 65 6e 4d
    d5 92 4b 8a 2f 76 9e 25 14 51 b2 cb e7 de 5c 1e
    0e b1 ab 00 1d e2 5c 2a 6a 2b b8 3a a0 b6 ba 44
    f3 6c 92 83 8d 1d 36 05 3e 04 dc 15 e2 3e 37 7f
    0e 62 83 83 4c fe e8 85 b8 63 6c 14 e5 b7 d6 c2
    3d db c2 e4 e3 05 9c 6f 8e c7 c7 f0 37 64 38 7f
    78 cc 0b e4 5c 84 62 91 71 8f 2e 2b 90 e9 2a 11
    6f ce 86 98 62 79 5c e2 08 a9 0c 75 0c 7a 61 cf
    0b 78 28 f7 31 0b 46 40 27 f0 0d 0a 37 89 43 f6
    76 55 6d da 35 f8 e4 1c 0b cd d6 e8 e7 10 03 26
    f5 3d 6a a1 b4 1a 1f ee cd bb 0e 6c 83 fd fc 2d
    db 05 84 fc d7 13 74 15 30 f9 de 55 73 46 47 22
    f4 e4 fe 42 45 fe 54 5c 3f 23 59 47 7f 8c e7 96
    cd 20 20 ef 8c 21 00 c7 21 6a b3 24 aa fb d5 6f
    d5 50 23 a4 55 02 b7 c6 c0 07 23 db 41 6f f2 fb
    da 71 d4 22 ad 75 33 6e 83 b4 77 15 e6 75 7a 86
    b7 ab 5c 7e 49 15 2d bf 27 49 53 09 db 0f a0 98
cli: /home/quic-fuzz/quic-fuzz/quicServers/quicly_test/lib/quicly.c:5676: on_end_closing: Assertion `!acked' failed.
